Arguments: 
  /usr/bin/node /usr/share/yarn/bin/yarn.js run serve

PATH: 
  /opt/spark/bin:/home/born-2-code/.local/bin:/usr/local/sbin:/usr/local/bin:/usr/sbin:/usr/bin:/sbin:/bin:/usr/games:/usr/local/games:/home/kafka/kafka/bin:/snap/bin

Yarn version: 
  1.9.4

Node version: 
  8.10.0

Platform: 
  linux x64

Trace: 
  SyntaxError: /home/born-2-code/react/indecision-app/package.json: Unexpected token } in JSON at position 402
      at JSON.parse (<anonymous>)
      at /usr/share/yarn/lib/cli.js:1130:59
      at Generator.next (<anonymous>)
      at step (/usr/share/yarn/lib/cli.js:92:30)
      at /usr/share/yarn/lib/cli.js:103:13
      at <anonymous>

npm manifest: 
  {
    "name": "indecision-app",
    "version": "1.0.0",
    "description": "",
    "main": "index.js",
    "dependencies": {
      "babel-cli": "^6.24.1",
      "babel-preset-env": "^1.5.2",
      "babel-preset-react": "^6.24.1",
      "live-server": "^1.2.0"
    },
    "devDependencies": {},
    "scripts": {
      "test": "echo \"Error: no test specified\" && exit 1",
      "serve": "live-server public/",
      "babel" : "",
    },
    "author": "",
    "license": "ISC"
  }

yarn manifest: 
  No manifest

Lockfile: 
  No lockfile
